Created hunt: hunt001
Added treasure to hunt hunt001 - id=0, username='luca', latitude=90, longitude=30, clue='sus si jos', value=800
Listed treasures from hunt: hunt001
Added treasure to hunt hunt001 - id=4, username='marc', latitude=45, longitude=45, clue='stanga dreapta', value=200
Listed treasures from hunt: hunt001
Listed treasures from hunt: hunt001
Listed treasures from hunt: hunt001
Listed treasures from hunt: hunt001
Listed treasures from hunt: hunt001
Listed treasures from hunt: hunt001
Listed treasures from hunt: hunt001
Listed treasures from hunt: hunt001
Viewed treasure (id=0) from hunt: hunt001
Viewed treasure (id=0) from hunt: hunt001
Viewed treasure (id=0À•Á) from hunt: hunt001
Listed treasures from hunt: hunt001
Listed treasures from hunt: hunt001
Viewed treasure (id=4) from hunt: hunt001
Listed treasures from hunt: hunt001
Listed treasures from hunt: hunt001
Listed treasures from hunt: hunt001
Listed treasures from hunt: hunt001
Viewed treasure (id=4) from hunt: hunt001
Listed treasures from hunt: hunt001
Added treasure to hunt hunt001 - id=19, username='luca', latitude=45, longitude=45, clue='"jos"', value=500
Listed treasures from hunt: hunt001
Listed treasures from hunt: hunt001
Listed treasures from hunt: hunt001
Listed treasures from hunt: hunt001
Viewed treasure (id=19k) from hunt: hunt001
Listed treasures from hunt: hunt001
Listed treasures from hunt: hunt001
Listed treasures from hunt: hunt001
Listed treasures from hunt: hunt001
Listed treasures from hunt: hunt001
Listed treasures from hunt: hunt001
Viewed treasure (id=19Hı) from hunt: hunt001
